<?xml version="1.0" encoding="UTF-8"?>
<testsuite xmlns:xsi="http://www.w3.org/2001/XMLSchema-instance" xsi:noNamespaceSchemaLocation="https://maven.apache.org/surefire/maven-failsafe-plugin/xsd/failsafe-test-report.xsd" name="com.github.kerubistan.kerub.services.impl.UsageStatisticsServiceIT" time="0.473" tests="2" errors="0" skipped="0" failures="0">
  <properties>
    <property name="awt.toolkit" value="sun.awt.X11.XToolkit"/>
    <property name="file.encoding.pkg" value="sun.io"/>
    <property name="java.specification.version" value="1.8"/>
    <property name="sun.cpu.isalist" value=""/>
    <property name="sun.jnu.encoding" value="UTF-8"/>
    <property name="java.class.path" value="/home/kocka/sources/kerub/target/test-classes:/home/kocka/sources/kerub/target/classes:/home/kocka/.m2/repository/org/jetbrains/kotlin/kotlin-stdlib/1.3.61/kotlin-stdlib-1.3.61.jar:/home/kocka/.m2/repository/org/jetbrains/kotlin/kotlin-stdlib-common/1.3.61/kotlin-stdlib-common-1.3.61.jar:/home/kocka/.m2/repository/org/jetbrains/annotations/13.0/annotations-13.0.jar:/home/kocka/.m2/repository/org/jetbrains/kotlin/kotlin-reflect/1.3.61/kotlin-reflect-1.3.61.jar:/home/kocka/.m2/repository/io/github/kerubistan/kroki/kroki-utils/1.10/kroki-utils-1.10.jar:/home/kocka/.m2/repository/io/github/kerubistan/kroki/kroki-delegates/1.10/kroki-delegates-1.10.jar:/home/kocka/.m2/repository/org/jetbrains/kotlin/kotlin-test-junit/1.3.61/kotlin-test-junit-1.3.61.jar:/home/kocka/.m2/repository/org/jetbrains/kotlin/kotlin-test-annotations-common/1.3.61/kotlin-test-annotations-common-1.3.61.jar:/home/kocka/.m2/repository/org/jetbrains/kotlin/kotlin-test/1.3.61/kotlin-test-1.3.61.jar:/home/kocka/.m2/repository/org/jetbrains/kotlin/kotlin-test-common/1.3.61/kotlin-test-common-1.3.61.jar:/home/kocka/.m2/repository/junit/junit/4.12/junit-4.12.jar:/home/kocka/.m2/repository/org/hamcrest/hamcrest-core/1.3/hamcrest-core-1.3.jar:/home/kocka/.m2/repository/org/junit/jupiter/junit-jupiter-api/5.1.0/junit-jupiter-api-5.1.0.jar:/home/kocka/.m2/repository/org/apiguardian/apiguardian-api/1.0.0/apiguardian-api-1.0.0.jar:/home/kocka/.m2/repository/org/opentest4j/opentest4j/1.0.0/opentest4j-1.0.0.jar:/home/kocka/.m2/repository/org/junit/platform/junit-platform-commons/1.1.0/junit-platform-commons-1.1.0.jar:/home/kocka/.m2/repository/org/webjars/angularjs/1.4.9/angularjs-1.4.9.jar:/home/kocka/.m2/repository/org/webjars/angular-ui-bootstrap/1.1.1-1/angular-ui-bootstrap-1.1.1-1.jar:/home/kocka/.m2/repository/org/webjars/bootstrap/3.3.6/bootstrap-3.3.6.jar:/home/kocka/.m2/repository/org/webjars/bower/angular-bootstrap-toggle-switch/0.5.6/angular-bootstrap-toggle-switch-0.5.6.jar:/home/kocka/.m2/repository/org/webjars/angularjs-nvd3-directives/0.0.7-1/angularjs-nvd3-directives-0.0.7-1.jar:/home/kocka/.m2/repository/org/webjars/d3js/3.4.1/d3js-3.4.1.jar:/home/kocka/.m2/repository/org/webjars/nvd3/1.1.15-beta/nvd3-1.1.15-beta.jar:/home/kocka/.m2/repository/org/webjars/sockjs-client/0.3.4/sockjs-client-0.3.4.jar:/home/kocka/.m2/repository/org/webjars/markdown-js/0.5.0-1/markdown-js-0.5.0-1.jar:/home/kocka/.m2/repository/org/webjars/bignumber/2.0.0/bignumber-2.0.0.jar:/home/kocka/.m2/repository/org/webjars/font-awesome/4.6.2/font-awesome-4.6.2.jar:/home/kocka/.m2/repository/org/webjars/angular-uuid4/0.2.1/angular-uuid4-0.2.1.jar:/home/kocka/.m2/repository/org/webjars/nervgh-angular-file-upload/2.1.1/nervgh-angular-file-upload-2.1.1.jar:/home/kocka/.m2/repository/org/springframework/spring-core/4.3.24.RELEASE/spring-core-4.3.24.RELEASE.jar:/home/kocka/.m2/repository/commons-logging/commons-logging/1.2/commons-logging-1.2.jar:/home/kocka/.m2/repository/org/springframework/spring-web/4.3.24.RELEASE/spring-web-4.3.24.RELEASE.jar:/home/kocka/.m2/repository/org/springframework/spring-aop/4.3.24.RELEASE/spring-aop-4.3.24.RELEASE.jar:/home/kocka/.m2/repository/org/springframework/spring-beans/4.3.24.RELEASE/spring-beans-4.3.24.RELEASE.jar:/home/kocka/.m2/repository/org/springframework/spring-context/4.3.24.RELEASE/spring-context-4.3.24.RELEASE.jar:/home/kocka/.m2/repository/org/springframework/spring-expression/4.3.24.RELEASE/spring-expression-4.3.24.RELEASE.jar:/home/kocka/.m2/repository/org/springframework/spring-jms/4.3.24.RELEASE/spring-jms-4.3.24.RELEASE.jar:/home/kocka/.m2/repository/org/springframework/spring-messaging/4.3.24.RELEASE/spring-messaging-4.3.24.RELEASE.jar:/home/kocka/.m2/repository/org/springframework/spring-tx/4.3.24.RELEASE/spring-tx-4.3.24.RELEASE.jar:/home/kocka/.m2/repository/org/springframework/spring-websocket/4.3.24.RELEASE/spring-websocket-4.3.24.RELEASE.jar:/home/kocka/.m2/repository/org/springframework/spring-webmvc/4.3.24.RELEASE/spring-webmvc-4.3.24.RELEASE.jar:/home/kocka/.m2/repository/org/infinispan/infinispan-core/8.2.11.Final/infinispan-core-8.2.11.Final.jar:/home/kocka/.m2/repository/org/infinispan/infinispan-commons/8.2.11.Final/infinispan-commons-8.2.11.Final.jar:/home/kocka/.m2/repository/org/jgroups/jgroups/3.6.7.Final/jgroups-3.6.7.Final.jar:/home/kocka/.m2/repository/org/jboss/spec/javax/transaction/jboss-transaction-api_1.1_spec/1.0.1.Final/jboss-transaction-api_1.1_spec-1.0.1.Final.jar:/home/kocka/.m2/repository/org/jboss/marshalling/jboss-marshalling-osgi/2.0.0.Beta3/jboss-marshalling-osgi-2.0.0.Beta3.jar:/home/kocka/.m2/repository/org/jboss/logging/jboss-logging/3.3.0.Final/jboss-logging-3.3.0.Final.jar:/home/kocka/.m2/repository/org/infinispan/infinispan-query/8.2.11.Final/infinispan-query-8.2.11.Final.jar:/home/kocka/.m2/repository/org/infinispan/infinispan-query-dsl/8.2.11.Final/infinispan-query-dsl-8.2.11.Final.jar:/home/kocka/.m2/repository/org/infinispan/infinispan-objectfilter/8.2.11.Final/infinispan-objectfilter-8.2.11.Final.jar:/home/kocka/.m2/repository/org/hibernate/hql/hibernate-hql-parser/1.3.0.Alpha2/hibernate-hql-parser-1.3.0.Alpha2.jar:/home/kocka/.m2/repository/org/antlr/antlr-runtime/3.4/antlr-runtime-3.4.jar:/home/kocka/.m2/repository/org/antlr/stringtemplate/3.2.1/stringtemplate-3.2.1.jar:/home/kocka/.m2/repository/antlr/antlr/2.7.7/antlr-2.7.7.jar:/home/kocka/.m2/repository/org/hibernate/hql/hibernate-hql-lucene/1.3.0.Alpha2/hibernate-hql-lucene-1.3.0.Alpha2.jar:/home/kocka/.m2/repository/org/hibernate/javax/persistence/hibernate-jpa-2.1-api/1.0.0.Final/hibernate-jpa-2.1-api-1.0.0.Final.jar:/home/kocka/.m2/repository/org/hibernate/hibernate-search-engine/5.6.0.Beta1/hibernate-search-engine-5.6.0.Beta1.jar:/home/kocka/.m2/repository/org/hibernate/common/hibernate-commons-annotations/5.0.1.Final/hibernate-commons-annotations-5.0.1.Final.jar:/home/kocka/.m2/repository/org/apache/lucene/lucene-core/5.5.1/lucene-core-5.5.1.jar:/home/kocka/.m2/repository/org/apache/lucene/lucene-backward-codecs/5.5.1/lucene-backward-codecs-5.5.1.jar:/home/kocka/.m2/repository/org/apache/lucene/lucene-misc/5.5.1/lucene-misc-5.5.1.jar:/home/kocka/.m2/repository/org/apache/lucene/lucene-analyzers-common/5.5.1/lucene-analyzers-common-5.5.1.jar:/home/kocka/.m2/repository/org/apache/lucene/lucene-facet/5.5.1/lucene-facet-5.5.1.jar:/home/kocka/.m2/repository/org/apache/lucene/lucene-queries/5.5.1/lucene-queries-5.5.1.jar:/home/kocka/.m2/repository/org/infinispan/infinispan-directory-provider/8.2.11.Final/infinispan-directory-provider-8.2.11.Final.jar:/home/kocka/.m2/repository/org/hibernate/hibernate-search-serialization-avro/5.6.0.Beta1/hibernate-search-serialization-avro-5.6.0.Beta1.jar:/home/kocka/.m2/repository/org/apache/avro/avro/1.7.6/avro-1.7.6.jar:/home/kocka/.m2/repository/org/codehaus/jackson/jackson-core-asl/1.9.13/jackson-core-asl-1.9.13.jar:/home/kocka/.m2/repository/org/codehaus/jackson/jackson-mapper-asl/1.9.13/jackson-mapper-asl-1.9.13.jar:/home/kocka/.m2/repository/com/thoughtworks/paranamer/paranamer/2.3/paranamer-2.3.jar:/home/kocka/.m2/repository/org/apache/commons/commons-compress/1.4.1/commons-compress-1.4.1.jar:/home/kocka/.m2/repository/org/infinispan/infinispan-lucene-directory/8.2.11.Final/infinispan-lucene-directory-8.2.11.Final.jar:/home/kocka/.m2/repository/org/osgi/org.osgi.core/6.0.0/org.osgi.core-6.0.0.jar:/home/kocka/.m2/repository/org/apache/cxf/cxf-rt-transports-http/3.2.6/cxf-rt-transports-http-3.2.6.jar:/home/kocka/.m2/repository/org/apache/cxf/cxf-core/3.2.6/cxf-core-3.2.6.jar:/home/kocka/.m2/repository/com/fasterxml/woodstox/woodstox-core/5.1.0/woodstox-core-5.1.0.jar:/home/kocka/.m2/repository/org/codehaus/woodstox/stax2-api/4.1/stax2-api-4.1.jar:/home/kocka/.m2/repository/org/apache/ws/xmlschema/xmlschema-core/2.2.3/xmlschema-core-2.2.3.jar:/home/kocka/.m2/repository/org/apache/cxf/cxf-rt-frontend-jaxrs/3.2.6/cxf-rt-frontend-jaxrs-3.2.6.jar:/home/kocka/.m2/repository/javax/ws/rs/javax.ws.rs-api/2.1/javax.ws.rs-api-2.1.jar:/home/kocka/.m2/repository/javax/annotation/javax.annotation-api/1.3/javax.annotation-api-1.3.jar:/home/kocka/.m2/repository/org/apache/cxf/cxf-rt-rs-client/3.2.6/cxf-rt-rs-client-3.2.6.jar:/home/kocka/.m2/repository/org/apache/sshd/sshd-core/1.7.0/sshd-core-1.7.0.jar:/home/kocka/.m2/repository/org/slf4j/slf4j-api/1.7.26/slf4j-api-1.7.26.jar:/home/kocka/.m2/repository/org/slf4j/log4j-over-slf4j/1.7.26/log4j-over-slf4j-1.7.26.jar:/home/kocka/.m2/repository/ch/qos/logback/logback-classic/1.2.3/logback-classic-1.2.3.jar:/home/kocka/.m2/repository/ch/qos/logback/logback-core/1.2.3/logback-core-1.2.3.jar:/home/kocka/.m2/repository/com/wordnik/swagger-annotations/1.3.7/swagger-annotations-1.3.7.jar:/home/kocka/.m2/repository/com/fasterxml/jackson/jaxrs/jackson-jaxrs-json-provider/2.9.9/jackson-jaxrs-json-provider-2.9.9.jar:/home/kocka/.m2/repository/com/fasterxml/jackson/jaxrs/jackson-jaxrs-base/2.9.9/jackson-jaxrs-base-2.9.9.jar:/home/kocka/.m2/repository/com/fasterxml/jackson/module/jackson-module-jaxb-annotations/2.9.9/jackson-module-jaxb-annotations-2.9.9.jar:/home/kocka/.m2/repository/com/fasterxml/jackson/module/jackson-module-kotlin/2.9.9/jackson-module-kotlin-2.9.9.jar:/home/kocka/.m2/repository/com/fasterxml/jackson/core/jackson-databind/2.9.9/jackson-databind-2.9.9.jar:/home/kocka/.m2/repository/com/fasterxml/jackson/core/jackson-annotations/2.9.0/jackson-annotations-2.9.0.jar:/home/kocka/.m2/repository/com/fasterxml/jackson/module/jackson-module-afterburner/2.9.9/jackson-module-afterburner-2.9.9.jar:/home/kocka/.m2/repository/com/fasterxml/jackson/core/jackson-core/2.9.9/jackson-core-2.9.9.jar:/home/kocka/.m2/repository/org/apache/activemq/artemis-spring-integration/2.3.0/artemis-spring-integration-2.3.0.jar:/home/kocka/.m2/repository/org/apache/activemq/artemis-server/2.3.0/artemis-server-2.3.0.jar:/home/kocka/.m2/repository/org/apache/activemq/artemis-commons/2.3.0/artemis-commons-2.3.0.jar:/home/kocka/.m2/repository/org/apache/activemq/artemis-selector/2.3.0/artemis-selector-2.3.0.jar:/home/kocka/.m2/repository/org/apache/activemq/artemis-journal/2.3.0/artemis-journal-2.3.0.jar:/home/kocka/.m2/repository/org/apache/activemq/artemis-native/2.3.0/artemis-native-2.3.0.jar:/home/kocka/.m2/repository/org/apache/activemq/artemis-jdbc-store/2.3.0/artemis-jdbc-store-2.3.0.jar:/home/kocka/.m2/repository/org/apache/activemq/artemis-core-client/2.3.0/artemis-core-client-2.3.0.jar:/home/kocka/.m2/repository/io/netty/netty-all/4.1.14.Final/netty-all-4.1.14.Final.jar:/home/kocka/.m2/repository/org/apache/activemq/artemis-jms-server/2.3.0/artemis-jms-server-2.3.0.jar:/home/kocka/.m2/repository/org/apache/activemq/artemis-jms-client/2.3.0/artemis-jms-client-2.3.0.jar:/home/kocka/.m2/repository/org/apache/activemq/artemis-service-extensions/2.3.0/artemis-service-extensions-2.3.0.jar:/home/kocka/.m2/repository/org/apache/geronimo/specs/geronimo-jms_2.0_spec/1.0-alpha-2/geronimo-jms_2.0_spec-1.0-alpha-2.jar:/home/kocka/.m2/repository/org/apache/geronimo/specs/geronimo-ejb_3.0_spec/1.0.1/geronimo-ejb_3.0_spec-1.0.1.jar:/home/kocka/.m2/repository/org/apache/geronimo/specs/geronimo-jta_1.1_spec/1.1.1/geronimo-jta_1.1_spec-1.1.1.jar:/home/kocka/.m2/repository/org/apache/geronimo/specs/geronimo-json_1.0_spec/1.0-alpha-1/geronimo-json_1.0_spec-1.0-alpha-1.jar:/home/kocka/.m2/repository/org/apache/johnzon/johnzon-core/0.9.5/johnzon-core-0.9.5.jar:/home/kocka/.m2/repository/commons-beanutils/commons-beanutils/1.9.1/commons-beanutils-1.9.1.jar:/home/kocka/.m2/repository/commons-collections/commons-collections/3.2.1/commons-collections-3.2.1.jar:/home/kocka/.m2/repository/javax/websocket/javax.websocket-api/1.1/javax.websocket-api-1.1.jar:/home/kocka/.m2/repository/com/github/K0zka/finder4j-backtrack/0.7/finder4j-backtrack-0.7.jar:/home/kocka/.m2/repository/org/apache/shiro/shiro-spring/1.4.2/shiro-spring-1.4.2.jar:/home/kocka/.m2/repository/org/apache/shiro/shiro-core/1.4.2/shiro-core-1.4.2.jar:/home/kocka/.m2/repository/org/apache/shiro/shiro-lang/1.4.2/shiro-lang-1.4.2.jar:/home/kocka/.m2/repository/org/apache/shiro/shiro-cache/1.4.2/shiro-cache-1.4.2.jar:/home/kocka/.m2/repository/org/apache/shiro/shiro-crypto-hash/1.4.2/shiro-crypto-hash-1.4.2.jar:/home/kocka/.m2/repository/org/apache/shiro/shiro-crypto-core/1.4.2/shiro-crypto-core-1.4.2.jar:/home/kocka/.m2/repository/org/apache/shiro/shiro-crypto-cipher/1.4.2/shiro-crypto-cipher-1.4.2.jar:/home/kocka/.m2/repository/org/apache/shiro/shiro-config-core/1.4.2/shiro-config-core-1.4.2.jar:/home/kocka/.m2/repository/org/apache/shiro/shiro-config-ogdl/1.4.2/shiro-config-ogdl-1.4.2.jar:/home/kocka/.m2/repository/org/apache/shiro/shiro-event/1.4.2/shiro-event-1.4.2.jar:/home/kocka/.m2/repository/org/apache/shiro/shiro-web/1.4.2/shiro-web-1.4.2.jar:/home/kocka/.m2/repository/mx/com/inftel/oss/shiro-oauth2/1.0/shiro-oauth2-1.0.jar:/home/kocka/.m2/repository/org/json/json/20090211/json-20090211.jar:/home/kocka/.m2/repository/javax/servlet/javax.servlet-api/3.1.0/javax.servlet-api-3.1.0.jar:/home/kocka/.m2/repository/info/cukes/cucumber-core/1.2.5/cucumber-core-1.2.5.jar:/home/kocka/.m2/repository/info/cukes/cucumber-html/0.2.3/cucumber-html-0.2.3.jar:/home/kocka/.m2/repository/info/cukes/cucumber-jvm-deps/1.0.5/cucumber-jvm-deps-1.0.5.jar:/home/kocka/.m2/repository/info/cukes/gherkin/2.12.2/gherkin-2.12.2.jar:/home/kocka/.m2/repository/info/cukes/cucumber-java/1.2.5/cucumber-java-1.2.5.jar:/home/kocka/.m2/repository/info/cukes/cucumber-junit/1.2.5/cucumber-junit-1.2.5.jar:/home/kocka/.m2/repository/org/apache/httpcomponents/httpclient/4.5.1/httpclient-4.5.1.jar:/home/kocka/.m2/repository/org/apache/httpcomponents/httpcore/4.4.3/httpcore-4.4.3.jar:/home/kocka/.m2/repository/commons-codec/commons-codec/1.9/commons-codec-1.9.jar:/home/kocka/.m2/repository/commons-io/commons-io/1.3.2/commons-io-1.3.2.jar:/home/kocka/.m2/repository/org/eclipse/jetty/websocket/websocket-client/9.2.2.v20140723/websocket-client-9.2.2.v20140723.jar:/home/kocka/.m2/repository/org/eclipse/jetty/jetty-util/9.2.2.v20140723/jetty-util-9.2.2.v20140723.jar:/home/kocka/.m2/repository/org/eclipse/jetty/jetty-io/9.2.2.v20140723/jetty-io-9.2.2.v20140723.jar:/home/kocka/.m2/repository/org/eclipse/jetty/websocket/websocket-common/9.2.2.v20140723/websocket-common-9.2.2.v20140723.jar:/home/kocka/.m2/repository/org/eclipse/jetty/websocket/websocket-api/9.2.2.v20140723/websocket-api-9.2.2.v20140723.jar:/home/kocka/.m2/repository/nl/komponents/kovenant/kovenant-core/3.3.0/kovenant-core-3.3.0.jar:/home/kocka/.m2/repository/com/nhaarman/mockito-kotlin/1.6.0/mockito-kotlin-1.6.0.jar:/home/kocka/.m2/repository/org/mockito/mockito-core/2.18.3/mockito-core-2.18.3.jar:/home/kocka/.m2/repository/net/bytebuddy/byte-buddy/1.8.5/byte-buddy-1.8.5.jar:/home/kocka/.m2/repository/net/bytebuddy/byte-buddy-agent/1.8.5/byte-buddy-agent-1.8.5.jar:/home/kocka/.m2/repository/org/objenesis/objenesis/2.6/objenesis-2.6.jar:/home/kocka/.m2/repository/org/reflections/reflections/0.9.11/reflections-0.9.11.jar:/home/kocka/.m2/repository/com/google/guava/guava/20.0/guava-20.0.jar:/home/kocka/.m2/repository/org/javassist/javassist/3.21.0-GA/javassist-3.21.0-GA.jar:"/>
    <property name="java.vm.vendor" value="Private Build"/>
    <property name="sun.arch.data.model" value="64"/>
    <property name="java.vendor.url" value="http://java.oracle.com/"/>
    <property name="user.timezone" value=""/>
    <property name="java.vm.specification.version" value="1.8"/>
    <property name="os.name" value="Linux"/>
    <property name="user.country" value="US"/>
    <property name="sun.java.launcher" value="SUN_STANDARD"/>
    <property name="sun.boot.library.path" value="/usr/lib/jvm/java-8-openjdk-amd64/jre/lib/amd64"/>
    <property name="sun.java.command" value="/home/kocka/sources/kerub/target/surefire/surefirebooter6967165152927728363.jar /home/kocka/sources/kerub/target/surefire 2020-02-10T17-33-50_068-jvmRun1 surefire5997020060213935423tmp surefire_06243328331605500051tmp"/>
    <property name="surefire.test.class.path" value="/home/kocka/sources/kerub/target/test-classes:/home/kocka/sources/kerub/target/classes:/home/kocka/.m2/repository/org/jetbrains/kotlin/kotlin-stdlib/1.3.61/kotlin-stdlib-1.3.61.jar:/home/kocka/.m2/repository/org/jetbrains/kotlin/kotlin-stdlib-common/1.3.61/kotlin-stdlib-common-1.3.61.jar:/home/kocka/.m2/repository/org/jetbrains/annotations/13.0/annotations-13.0.jar:/home/kocka/.m2/repository/org/jetbrains/kotlin/kotlin-reflect/1.3.61/kotlin-reflect-1.3.61.jar:/home/kocka/.m2/repository/io/github/kerubistan/kroki/kroki-utils/1.10/kroki-utils-1.10.jar:/home/kocka/.m2/repository/io/github/kerubistan/kroki/kroki-delegates/1.10/kroki-delegates-1.10.jar:/home/kocka/.m2/repository/org/jetbrains/kotlin/kotlin-test-junit/1.3.61/kotlin-test-junit-1.3.61.jar:/home/kocka/.m2/repository/org/jetbrains/kotlin/kotlin-test-annotations-common/1.3.61/kotlin-test-annotations-common-1.3.61.jar:/home/kocka/.m2/repository/org/jetbrains/kotlin/kotlin-test/1.3.61/kotlin-test-1.3.61.jar:/home/kocka/.m2/repository/org/jetbrains/kotlin/kotlin-test-common/1.3.61/kotlin-test-common-1.3.61.jar:/home/kocka/.m2/repository/junit/junit/4.12/junit-4.12.jar:/home/kocka/.m2/repository/org/hamcrest/hamcrest-core/1.3/hamcrest-core-1.3.jar:/home/kocka/.m2/repository/org/junit/jupiter/junit-jupiter-api/5.1.0/junit-jupiter-api-5.1.0.jar:/home/kocka/.m2/repository/org/apiguardian/apiguardian-api/1.0.0/apiguardian-api-1.0.0.jar:/home/kocka/.m2/repository/org/opentest4j/opentest4j/1.0.0/opentest4j-1.0.0.jar:/home/kocka/.m2/repository/org/junit/platform/junit-platform-commons/1.1.0/junit-platform-commons-1.1.0.jar:/home/kocka/.m2/repository/org/webjars/angularjs/1.4.9/angularjs-1.4.9.jar:/home/kocka/.m2/repository/org/webjars/angular-ui-bootstrap/1.1.1-1/angular-ui-bootstrap-1.1.1-1.jar:/home/kocka/.m2/repository/org/webjars/bootstrap/3.3.6/bootstrap-3.3.6.jar:/home/kocka/.m2/repository/org/webjars/bower/angular-bootstrap-toggle-switch/0.5.6/angular-bootstrap-toggle-switch-0.5.6.jar:/home/kocka/.m2/repository/org/webjars/angularjs-nvd3-directives/0.0.7-1/angularjs-nvd3-directives-0.0.7-1.jar:/home/kocka/.m2/repository/org/webjars/d3js/3.4.1/d3js-3.4.1.jar:/home/kocka/.m2/repository/org/webjars/nvd3/1.1.15-beta/nvd3-1.1.15-beta.jar:/home/kocka/.m2/repository/org/webjars/sockjs-client/0.3.4/sockjs-client-0.3.4.jar:/home/kocka/.m2/repository/org/webjars/markdown-js/0.5.0-1/markdown-js-0.5.0-1.jar:/home/kocka/.m2/repository/org/webjars/bignumber/2.0.0/bignumber-2.0.0.jar:/home/kocka/.m2/repository/org/webjars/font-awesome/4.6.2/font-awesome-4.6.2.jar:/home/kocka/.m2/repository/org/webjars/angular-uuid4/0.2.1/angular-uuid4-0.2.1.jar:/home/kocka/.m2/repository/org/webjars/nervgh-angular-file-upload/2.1.1/nervgh-angular-file-upload-2.1.1.jar:/home/kocka/.m2/repository/org/springframework/spring-core/4.3.24.RELEASE/spring-core-4.3.24.RELEASE.jar:/home/kocka/.m2/repository/commons-logging/commons-logging/1.2/commons-logging-1.2.jar:/home/kocka/.m2/repository/org/springframework/spring-web/4.3.24.RELEASE/spring-web-4.3.24.RELEASE.jar:/home/kocka/.m2/repository/org/springframework/spring-aop/4.3.24.RELEASE/spring-aop-4.3.24.RELEASE.jar:/home/kocka/.m2/repository/org/springframework/spring-beans/4.3.24.RELEASE/spring-beans-4.3.24.RELEASE.jar:/home/kocka/.m2/repository/org/springframework/spring-context/4.3.24.RELEASE/spring-context-4.3.24.RELEASE.jar:/home/kocka/.m2/repository/org/springframework/spring-expression/4.3.24.RELEASE/spring-expression-4.3.24.RELEASE.jar:/home/kocka/.m2/repository/org/springframework/spring-jms/4.3.24.RELEASE/spring-jms-4.3.24.RELEASE.jar:/home/kocka/.m2/repository/org/springframework/spring-messaging/4.3.24.RELEASE/spring-messaging-4.3.24.RELEASE.jar:/home/kocka/.m2/repository/org/springframework/spring-tx/4.3.24.RELEASE/spring-tx-4.3.24.RELEASE.jar:/home/kocka/.m2/repository/org/springframework/spring-websocket/4.3.24.RELEASE/spring-websocket-4.3.24.RELEASE.jar:/home/kocka/.m2/repository/org/springframework/spring-webmvc/4.3.24.RELEASE/spring-webmvc-4.3.24.RELEASE.jar:/home/kocka/.m2/repository/org/infinispan/infinispan-core/8.2.11.Final/infinispan-core-8.2.11.Final.jar:/home/kocka/.m2/repository/org/infinispan/infinispan-commons/8.2.11.Final/infinispan-commons-8.2.11.Final.jar:/home/kocka/.m2/repository/org/jgroups/jgroups/3.6.7.Final/jgroups-3.6.7.Final.jar:/home/kocka/.m2/repository/org/jboss/spec/javax/transaction/jboss-transaction-api_1.1_spec/1.0.1.Final/jboss-transaction-api_1.1_spec-1.0.1.Final.jar:/home/kocka/.m2/repository/org/jboss/marshalling/jboss-marshalling-osgi/2.0.0.Beta3/jboss-marshalling-osgi-2.0.0.Beta3.jar:/home/kocka/.m2/repository/org/jboss/logging/jboss-logging/3.3.0.Final/jboss-logging-3.3.0.Final.jar:/home/kocka/.m2/repository/org/infinispan/infinispan-query/8.2.11.Final/infinispan-query-8.2.11.Final.jar:/home/kocka/.m2/repository/org/infinispan/infinispan-query-dsl/8.2.11.Final/infinispan-query-dsl-8.2.11.Final.jar:/home/kocka/.m2/repository/org/infinispan/infinispan-objectfilter/8.2.11.Final/infinispan-objectfilter-8.2.11.Final.jar:/home/kocka/.m2/repository/org/hibernate/hql/hibernate-hql-parser/1.3.0.Alpha2/hibernate-hql-parser-1.3.0.Alpha2.jar:/home/kocka/.m2/repository/org/antlr/antlr-runtime/3.4/antlr-runtime-3.4.jar:/home/kocka/.m2/repository/org/antlr/stringtemplate/3.2.1/stringtemplate-3.2.1.jar:/home/kocka/.m2/repository/antlr/antlr/2.7.7/antlr-2.7.7.jar:/home/kocka/.m2/repository/org/hibernate/hql/hibernate-hql-lucene/1.3.0.Alpha2/hibernate-hql-lucene-1.3.0.Alpha2.jar:/home/kocka/.m2/repository/org/hibernate/javax/persistence/hibernate-jpa-2.1-api/1.0.0.Final/hibernate-jpa-2.1-api-1.0.0.Final.jar:/home/kocka/.m2/repository/org/hibernate/hibernate-search-engine/5.6.0.Beta1/hibernate-search-engine-5.6.0.Beta1.jar:/home/kocka/.m2/repository/org/hibernate/common/hibernate-commons-annotations/5.0.1.Final/hibernate-commons-annotations-5.0.1.Final.jar:/home/kocka/.m2/repository/org/apache/lucene/lucene-core/5.5.1/lucene-core-5.5.1.jar:/home/kocka/.m2/repository/org/apache/lucene/lucene-backward-codecs/5.5.1/lucene-backward-codecs-5.5.1.jar:/home/kocka/.m2/repository/org/apache/lucene/lucene-misc/5.5.1/lucene-misc-5.5.1.jar:/home/kocka/.m2/repository/org/apache/lucene/lucene-analyzers-common/5.5.1/lucene-analyzers-common-5.5.1.jar:/home/kocka/.m2/repository/org/apache/lucene/lucene-facet/5.5.1/lucene-facet-5.5.1.jar:/home/kocka/.m2/repository/org/apache/lucene/lucene-queries/5.5.1/lucene-queries-5.5.1.jar:/home/kocka/.m2/repository/org/infinispan/infinispan-directory-provider/8.2.11.Final/infinispan-directory-provider-8.2.11.Final.jar:/home/kocka/.m2/repository/org/hibernate/hibernate-search-serialization-avro/5.6.0.Beta1/hibernate-search-serialization-avro-5.6.0.Beta1.jar:/home/kocka/.m2/repository/org/apache/avro/avro/1.7.6/avro-1.7.6.jar:/home/kocka/.m2/repository/org/codehaus/jackson/jackson-core-asl/1.9.13/jackson-core-asl-1.9.13.jar:/home/kocka/.m2/repository/org/codehaus/jackson/jackson-mapper-asl/1.9.13/jackson-mapper-asl-1.9.13.jar:/home/kocka/.m2/repository/com/thoughtworks/paranamer/paranamer/2.3/paranamer-2.3.jar:/home/kocka/.m2/repository/org/apache/commons/commons-compress/1.4.1/commons-compress-1.4.1.jar:/home/kocka/.m2/repository/org/infinispan/infinispan-lucene-directory/8.2.11.Final/infinispan-lucene-directory-8.2.11.Final.jar:/home/kocka/.m2/repository/org/osgi/org.osgi.core/6.0.0/org.osgi.core-6.0.0.jar:/home/kocka/.m2/repository/org/apache/cxf/cxf-rt-transports-http/3.2.6/cxf-rt-transports-http-3.2.6.jar:/home/kocka/.m2/repository/org/apache/cxf/cxf-core/3.2.6/cxf-core-3.2.6.jar:/home/kocka/.m2/repository/com/fasterxml/woodstox/woodstox-core/5.1.0/woodstox-core-5.1.0.jar:/home/kocka/.m2/repository/org/codehaus/woodstox/stax2-api/4.1/stax2-api-4.1.jar:/home/kocka/.m2/repository/org/apache/ws/xmlschema/xmlschema-core/2.2.3/xmlschema-core-2.2.3.jar:/home/kocka/.m2/repository/org/apache/cxf/cxf-rt-frontend-jaxrs/3.2.6/cxf-rt-frontend-jaxrs-3.2.6.jar:/home/kocka/.m2/repository/javax/ws/rs/javax.ws.rs-api/2.1/javax.ws.rs-api-2.1.jar:/home/kocka/.m2/repository/javax/annotation/javax.annotation-api/1.3/javax.annotation-api-1.3.jar:/home/kocka/.m2/repository/org/apache/cxf/cxf-rt-rs-client/3.2.6/cxf-rt-rs-client-3.2.6.jar:/home/kocka/.m2/repository/org/apache/sshd/sshd-core/1.7.0/sshd-core-1.7.0.jar:/home/kocka/.m2/repository/org/slf4j/slf4j-api/1.7.26/slf4j-api-1.7.26.jar:/home/kocka/.m2/repository/org/slf4j/log4j-over-slf4j/1.7.26/log4j-over-slf4j-1.7.26.jar:/home/kocka/.m2/repository/ch/qos/logback/logback-classic/1.2.3/logback-classic-1.2.3.jar:/home/kocka/.m2/repository/ch/qos/logback/logback-core/1.2.3/logback-core-1.2.3.jar:/home/kocka/.m2/repository/com/wordnik/swagger-annotations/1.3.7/swagger-annotations-1.3.7.jar:/home/kocka/.m2/repository/com/fasterxml/jackson/jaxrs/jackson-jaxrs-json-provider/2.9.9/jackson-jaxrs-json-provider-2.9.9.jar:/home/kocka/.m2/repository/com/fasterxml/jackson/jaxrs/jackson-jaxrs-base/2.9.9/jackson-jaxrs-base-2.9.9.jar:/home/kocka/.m2/repository/com/fasterxml/jackson/module/jackson-module-jaxb-annotations/2.9.9/jackson-module-jaxb-annotations-2.9.9.jar:/home/kocka/.m2/repository/com/fasterxml/jackson/module/jackson-module-kotlin/2.9.9/jackson-module-kotlin-2.9.9.jar:/home/kocka/.m2/repository/com/fasterxml/jackson/core/jackson-databind/2.9.9/jackson-databind-2.9.9.jar:/home/kocka/.m2/repository/com/fasterxml/jackson/core/jackson-annotations/2.9.0/jackson-annotations-2.9.0.jar:/home/kocka/.m2/repository/com/fasterxml/jackson/module/jackson-module-afterburner/2.9.9/jackson-module-afterburner-2.9.9.jar:/home/kocka/.m2/repository/com/fasterxml/jackson/core/jackson-core/2.9.9/jackson-core-2.9.9.jar:/home/kocka/.m2/repository/org/apache/activemq/artemis-spring-integration/2.3.0/artemis-spring-integration-2.3.0.jar:/home/kocka/.m2/repository/org/apache/activemq/artemis-server/2.3.0/artemis-server-2.3.0.jar:/home/kocka/.m2/repository/org/apache/activemq/artemis-commons/2.3.0/artemis-commons-2.3.0.jar:/home/kocka/.m2/repository/org/apache/activemq/artemis-selector/2.3.0/artemis-selector-2.3.0.jar:/home/kocka/.m2/repository/org/apache/activemq/artemis-journal/2.3.0/artemis-journal-2.3.0.jar:/home/kocka/.m2/repository/org/apache/activemq/artemis-native/2.3.0/artemis-native-2.3.0.jar:/home/kocka/.m2/repository/org/apache/activemq/artemis-jdbc-store/2.3.0/artemis-jdbc-store-2.3.0.jar:/home/kocka/.m2/repository/org/apache/activemq/artemis-core-client/2.3.0/artemis-core-client-2.3.0.jar:/home/kocka/.m2/repository/io/netty/netty-all/4.1.14.Final/netty-all-4.1.14.Final.jar:/home/kocka/.m2/repository/org/apache/activemq/artemis-jms-server/2.3.0/artemis-jms-server-2.3.0.jar:/home/kocka/.m2/repository/org/apache/activemq/artemis-jms-client/2.3.0/artemis-jms-client-2.3.0.jar:/home/kocka/.m2/repository/org/apache/activemq/artemis-service-extensions/2.3.0/artemis-service-extensions-2.3.0.jar:/home/kocka/.m2/repository/org/apache/geronimo/specs/geronimo-jms_2.0_spec/1.0-alpha-2/geronimo-jms_2.0_spec-1.0-alpha-2.jar:/home/kocka/.m2/repository/org/apache/geronimo/specs/geronimo-ejb_3.0_spec/1.0.1/geronimo-ejb_3.0_spec-1.0.1.jar:/home/kocka/.m2/repository/org/apache/geronimo/specs/geronimo-jta_1.1_spec/1.1.1/geronimo-jta_1.1_spec-1.1.1.jar:/home/kocka/.m2/repository/org/apache/geronimo/specs/geronimo-json_1.0_spec/1.0-alpha-1/geronimo-json_1.0_spec-1.0-alpha-1.jar:/home/kocka/.m2/repository/org/apache/johnzon/johnzon-core/0.9.5/johnzon-core-0.9.5.jar:/home/kocka/.m2/repository/commons-beanutils/commons-beanutils/1.9.1/commons-beanutils-1.9.1.jar:/home/kocka/.m2/repository/commons-collections/commons-collections/3.2.1/commons-collections-3.2.1.jar:/home/kocka/.m2/repository/javax/websocket/javax.websocket-api/1.1/javax.websocket-api-1.1.jar:/home/kocka/.m2/repository/com/github/K0zka/finder4j-backtrack/0.7/finder4j-backtrack-0.7.jar:/home/kocka/.m2/repository/org/apache/shiro/shiro-spring/1.4.2/shiro-spring-1.4.2.jar:/home/kocka/.m2/repository/org/apache/shiro/shiro-core/1.4.2/shiro-core-1.4.2.jar:/home/kocka/.m2/repository/org/apache/shiro/shiro-lang/1.4.2/shiro-lang-1.4.2.jar:/home/kocka/.m2/repository/org/apache/shiro/shiro-cache/1.4.2/shiro-cache-1.4.2.jar:/home/kocka/.m2/repository/org/apache/shiro/shiro-crypto-hash/1.4.2/shiro-crypto-hash-1.4.2.jar:/home/kocka/.m2/repository/org/apache/shiro/shiro-crypto-core/1.4.2/shiro-crypto-core-1.4.2.jar:/home/kocka/.m2/repository/org/apache/shiro/shiro-crypto-cipher/1.4.2/shiro-crypto-cipher-1.4.2.jar:/home/kocka/.m2/repository/org/apache/shiro/shiro-config-core/1.4.2/shiro-config-core-1.4.2.jar:/home/kocka/.m2/repository/org/apache/shiro/shiro-config-ogdl/1.4.2/shiro-config-ogdl-1.4.2.jar:/home/kocka/.m2/repository/org/apache/shiro/shiro-event/1.4.2/shiro-event-1.4.2.jar:/home/kocka/.m2/repository/org/apache/shiro/shiro-web/1.4.2/shiro-web-1.4.2.jar:/home/kocka/.m2/repository/mx/com/inftel/oss/shiro-oauth2/1.0/shiro-oauth2-1.0.jar:/home/kocka/.m2/repository/org/json/json/20090211/json-20090211.jar:/home/kocka/.m2/repository/javax/servlet/javax.servlet-api/3.1.0/javax.servlet-api-3.1.0.jar:/home/kocka/.m2/repository/info/cukes/cucumber-core/1.2.5/cucumber-core-1.2.5.jar:/home/kocka/.m2/repository/info/cukes/cucumber-html/0.2.3/cucumber-html-0.2.3.jar:/home/kocka/.m2/repository/info/cukes/cucumber-jvm-deps/1.0.5/cucumber-jvm-deps-1.0.5.jar:/home/kocka/.m2/repository/info/cukes/gherkin/2.12.2/gherkin-2.12.2.jar:/home/kocka/.m2/repository/info/cukes/cucumber-java/1.2.5/cucumber-java-1.2.5.jar:/home/kocka/.m2/repository/info/cukes/cucumber-junit/1.2.5/cucumber-junit-1.2.5.jar:/home/kocka/.m2/repository/org/apache/httpcomponents/httpclient/4.5.1/httpclient-4.5.1.jar:/home/kocka/.m2/repository/org/apache/httpcomponents/httpcore/4.4.3/httpcore-4.4.3.jar:/home/kocka/.m2/repository/commons-codec/commons-codec/1.9/commons-codec-1.9.jar:/home/kocka/.m2/repository/commons-io/commons-io/1.3.2/commons-io-1.3.2.jar:/home/kocka/.m2/repository/org/eclipse/jetty/websocket/websocket-client/9.2.2.v20140723/websocket-client-9.2.2.v20140723.jar:/home/kocka/.m2/repository/org/eclipse/jetty/jetty-util/9.2.2.v20140723/jetty-util-9.2.2.v20140723.jar:/home/kocka/.m2/repository/org/eclipse/jetty/jetty-io/9.2.2.v20140723/jetty-io-9.2.2.v20140723.jar:/home/kocka/.m2/repository/org/eclipse/jetty/websocket/websocket-common/9.2.2.v20140723/websocket-common-9.2.2.v20140723.jar:/home/kocka/.m2/repository/org/eclipse/jetty/websocket/websocket-api/9.2.2.v20140723/websocket-api-9.2.2.v20140723.jar:/home/kocka/.m2/repository/nl/komponents/kovenant/kovenant-core/3.3.0/kovenant-core-3.3.0.jar:/home/kocka/.m2/repository/com/nhaarman/mockito-kotlin/1.6.0/mockito-kotlin-1.6.0.jar:/home/kocka/.m2/repository/org/mockito/mockito-core/2.18.3/mockito-core-2.18.3.jar:/home/kocka/.m2/repository/net/bytebuddy/byte-buddy/1.8.5/byte-buddy-1.8.5.jar:/home/kocka/.m2/repository/net/bytebuddy/byte-buddy-agent/1.8.5/byte-buddy-agent-1.8.5.jar:/home/kocka/.m2/repository/org/objenesis/objenesis/2.6/objenesis-2.6.jar:/home/kocka/.m2/repository/org/reflections/reflections/0.9.11/reflections-0.9.11.jar:/home/kocka/.m2/repository/com/google/guava/guava/20.0/guava-20.0.jar:/home/kocka/.m2/repository/org/javassist/javassist/3.21.0-GA/javassist-3.21.0-GA.jar:"/>
    <property name="sun.cpu.endian" value="little"/>
    <property name="user.home" value="/home/kocka"/>
    <property name="user.language" value="en"/>
    <property name="java.specification.vendor" value="Oracle Corporation"/>
    <property name="java.home" value="/usr/lib/jvm/java-8-openjdk-amd64/jre"/>
    <property name="basedir" value="/home/kocka/sources/kerub"/>
    <property name="file.separator" value="/"/>
    <property name="line.separator" value="&#10;"/>
    <property name="java.vm.specification.vendor" value="Oracle Corporation"/>
    <property name="java.specification.name" value="Java Platform API Specification"/>
    <property name="java.awt.graphicsenv" value="sun.awt.X11GraphicsEnvironment"/>
    <property name="surefire.real.class.path" value="/home/kocka/sources/kerub/target/surefire/surefirebooter6967165152927728363.jar"/>
    <property name="sun.boot.class.path" value="/usr/lib/jvm/java-8-openjdk-amd64/jre/lib/resources.jar:/usr/lib/jvm/java-8-openjdk-amd64/jre/lib/rt.jar:/usr/lib/jvm/java-8-openjdk-amd64/jre/lib/sunrsasign.jar:/usr/lib/jvm/java-8-openjdk-amd64/jre/lib/jsse.jar:/usr/lib/jvm/java-8-openjdk-amd64/jre/lib/jce.jar:/usr/lib/jvm/java-8-openjdk-amd64/jre/lib/charsets.jar:/usr/lib/jvm/java-8-openjdk-amd64/jre/lib/jfr.jar:/usr/lib/jvm/java-8-openjdk-amd64/jre/classes"/>
    <property name="sun.management.compiler" value="HotSpot 64-Bit Tiered Compilers"/>
    <property name="java.runtime.version" value="1.8.0_242-8u242-b08-0ubuntu3~18.04-b08"/>
    <property name="user.name" value="kocka"/>
    <property name="path.separator" value=":"/>
    <property name="os.version" value="4.15.0-76-generic"/>
    <property name="java.endorsed.dirs" value="/usr/lib/jvm/java-8-openjdk-amd64/jre/lib/endorsed"/>
    <property name="java.runtime.name" value="OpenJDK Runtime Environment"/>
    <property name="file.encoding" value="UTF-8"/>
    <property name="java.vm.name" value="OpenJDK 64-Bit Server VM"/>
    <property name="localRepository" value="/home/kocka/.m2/repository"/>
    <property name="java.vendor.url.bug" value="http://bugreport.sun.com/bugreport/"/>
    <property name="java.io.tmpdir" value="/tmp"/>
    <property name="java.version" value="1.8.0_242"/>
    <property name="user.dir" value="/home/kocka/sources/kerub"/>
    <property name="os.arch" value="amd64"/>
    <property name="java.vm.specification.name" value="Java Virtual Machine Specification"/>
    <property name="java.awt.printerjob" value="sun.print.PSPrinterJob"/>
    <property name="sun.os.patch.level" value="unknown"/>
    <property name="java.library.path" value="/usr/java/packages/lib/amd64:/usr/lib/x86_64-linux-gnu/jni:/lib/x86_64-linux-gnu:/usr/lib/x86_64-linux-gnu:/usr/lib/jni:/lib:/usr/lib"/>
    <property name="java.vm.info" value="mixed mode"/>
    <property name="java.vendor" value="Private Build"/>
    <property name="java.vm.version" value="25.242-b08"/>
    <property name="java.ext.dirs" value="/usr/lib/jvm/java-8-openjdk-amd64/jre/lib/ext:/usr/java/packages/lib/ext"/>
    <property name="sun.io.unicode.encoding" value="UnicodeLittle"/>
    <property name="java.class.version" value="52.0"/>
  </properties>
  <testcase name="security" classname="com.github.kerubistan.kerub.services.impl.UsageStatisticsServiceIT" time="0.373"/>
  <testcase name="basicBalanceReport" classname="com.github.kerubistan.kerub.services.impl.UsageStatisticsServiceIT" time="0.1"/>
</testsuite>